Configuring crypto-cipher-types-0.0.9...
Building crypto-cipher-types-0.0.9...
Preprocessing library crypto-cipher-types-0.0.9...
[ 1 of 10] Compiling Crypto.Cipher.Types.Utils ( Crypto/Cipher/Types/Utils.hs, .stack-work/dist/x86_64-linux/Cabal-1.24.0.0/build/Crypto/Cipher/Types/Utils.o )
[ 2 of 10] Compiling Crypto.Cipher.Types.GF ( Crypto/Cipher/Types/GF.hs, .stack-work/dist/x86_64-linux/Cabal-1.24.0.0/build/Crypto/Cipher/Types/GF.o )

Crypto/Cipher/Types/GF.hs:16:1: warning: [-Wunused-imports]
    The import of ‘Control.Applicative’ is redundant
      except perhaps to import instances from ‘Control.Applicative’
    To import instances alone, use: import Control.Applicative()
[ 3 of 10] Compiling Crypto.Cipher.Types.Base ( Crypto/Cipher/Types/Base.hs, .stack-work/dist/x86_64-linux/Cabal-1.24.0.0/build/Crypto/Cipher/Types/Base.o )
[ 4 of 10] Compiling Crypto.Cipher.Types.Block ( Crypto/Cipher/Types/Block.hs, .stack-work/dist/x86_64-linux/Cabal-1.24.0.0/build/Crypto/Cipher/Types/Block.o )

Crypto/Cipher/Types/Block.hs:38:1: warning: [-Wunused-imports]
    The import of ‘Bits’ from module ‘Data.Bits’ is redundant

Crypto/Cipher/Types/Block.hs:158:1: warning: [-Wredundant-constraints]
    • Redundant constraint: BlockCipher c
    • In the type signature for:
           ivAdd :: BlockCipher c => IV c -> Int -> IV c
[ 5 of 10] Compiling Crypto.Cipher.Types.BlockIO ( Crypto/Cipher/Types/BlockIO.hs, .stack-work/dist/x86_64-linux/Cabal-1.24.0.0/build/Crypto/Cipher/Types/BlockIO.o )

Crypto/Cipher/Types/BlockIO.hs:22:1: warning: [-Wunused-imports]
    The import of ‘Control.Applicative’ is redundant
      except perhaps to import instances from ‘Control.Applicative’
    To import instances alone, use: import Control.Applicative()
[ 6 of 10] Compiling Crypto.Cipher.Types.Unsafe ( Crypto/Cipher/Types/Unsafe.hs, .stack-work/dist/x86_64-linux/Cabal-1.24.0.0/build/Crypto/Cipher/Types/Unsafe.o )
[ 7 of 10] Compiling Crypto.Cipher.Types.OfIO ( Crypto/Cipher/Types/OfIO.hs, .stack-work/dist/x86_64-linux/Cabal-1.24.0.0/build/Crypto/Cipher/Types/OfIO.o )

Crypto/Cipher/Types/OfIO.hs:42:1: warning: [-Wredundant-constraints]
    • Redundant constraint: BlockCipher cipher
    • In the type signature for:
           isBlockSized :: (BlockCipher cipher, BlockCipherIO cipher) =>
                           cipher -> Int -> Bool
[ 8 of 10] Compiling Crypto.Cipher.Types.Stream ( Crypto/Cipher/Types/Stream.hs, .stack-work/dist/x86_64-linux/Cabal-1.24.0.0/build/Crypto/Cipher/Types/Stream.o )
[ 9 of 10] Compiling Crypto.Cipher.Types.AEAD ( Crypto/Cipher/Types/AEAD.hs, .stack-work/dist/x86_64-linux/Cabal-1.24.0.0/build/Crypto/Cipher/Types/AEAD.o )

Crypto/Cipher/Types/AEAD.hs:19:1: warning: [-Wredundant-constraints]
    • Redundant constraint: BlockCipher a
    • In the type signature for:
           aeadAppendHeader :: BlockCipher a => AEAD a -> ByteString -> AEAD a

Crypto/Cipher/Types/AEAD.hs:24:1: warning: [-Wredundant-constraints]
    • Redundant constraint: BlockCipher a
    • In the type signature for:
           aeadEncrypt :: BlockCipher a =>
                          AEAD a -> ByteString -> (ByteString, AEAD a)

Crypto/Cipher/Types/AEAD.hs:29:1: warning: [-Wredundant-constraints]
    • Redundant constraint: BlockCipher a
    • In the type signature for:
           aeadDecrypt :: BlockCipher a =>
                          AEAD a -> ByteString -> (ByteString, AEAD a)

Crypto/Cipher/Types/AEAD.hs:34:1: warning: [-Wredundant-constraints]
    • Redundant constraint: BlockCipher a
    • In the type signature for:
           aeadFinalize :: BlockCipher a => AEAD a -> Int -> AuthTag
[10 of 10] Compiling Crypto.Cipher.Types ( Crypto/Cipher/Types.hs, .stack-work/dist/x86_64-linux/Cabal-1.24.0.0/build/Crypto/Cipher/Types.o )
Installing library in
/home/lorcan/.stack/snapshots/x86_64-linux/lts-7.10/8.0.1/lib/x86_64-linux-ghc-8.0.1/crypto-cipher-types-0.0.9-Iwzx9devSK6HQoOjujg46u
Registering crypto-cipher-types-0.0.9...
