Configuring mongoDB-2.1.1.1...
Building mongoDB-2.1.1.1...
Preprocessing library mongoDB-2.1.1.1...
[1 of 8] Compiling Database.MongoDB.Transport ( Database/MongoDB/Transport.hs, .stack-work/dist/x86_64-linux/Cabal-1.24.0.0/build/Database/MongoDB/Transport.o )
[2 of 8] Compiling Database.MongoDB.Internal.Util ( Database/MongoDB/Internal/Util.hs, .stack-work/dist/x86_64-linux/Cabal-1.24.0.0/build/Database/MongoDB/Internal/Util.o )

Database/MongoDB/Internal/Util.hs:24:1: warning: [-Wdeprecations]
    Module ‘Control.Monad.Error’ is deprecated:
      Use Control.Monad.Except instead

Database/MongoDB/Internal/Util.hs:68:1: warning: [-Wredundant-constraints]
    • Redundant constraint: Functor m
    • In the type signature for:
           loop :: (Functor m, Monad m) => m (Maybe a) -> m [a]

Database/MongoDB/Internal/Util.hs:72:34: warning: [-Wdeprecations]
    In the use of type constructor or class ‘Error’
    (imported from Control.Monad.Error, but defined in transformers-0.5.2.0:Control.Monad.Trans.Error):
    Deprecated: "Use Control.Monad.Trans.Except instead"

Database/MongoDB/Internal/Util.hs:74:31: warning: [-Wdeprecations]
    In the use of ‘strMsg’
    (imported from Control.Monad.Error, but defined in transformers-0.5.2.0:Control.Monad.Trans.Error):
    Deprecated: "Use Control.Monad.Trans.Except instead"
[3 of 8] Compiling Database.MongoDB.Internal.Protocol ( Database/MongoDB/Internal/Protocol.hs, .stack-work/dist/x86_64-linux/Cabal-1.24.0.0/build/Database/MongoDB/Internal/Protocol.o )
[4 of 8] Compiling Database.MongoDB.Query ( Database/MongoDB/Query.hs, .stack-work/dist/x86_64-linux/Cabal-1.24.0.0/build/Database/MongoDB/Query.o )

Database/MongoDB/Query.hs:71:1: warning: [-Wdeprecations]
    Module ‘Control.Monad.Error’ is deprecated:
      Use Control.Monad.Except instead

Database/MongoDB/Query.hs:118:1: warning: [-Wredundant-constraints]
    • Redundant constraint: MonadIO m
    • In the type signature for:
           access :: MonadIO m =>
                     Pipe -> AccessMode -> Database -> Action m a -> m a

Database/MongoDB/Query.hs:137:10: warning: [-Wdeprecations]
    In the use of type constructor or class ‘Error’
    (imported from Control.Monad.Error, but defined in transformers-0.5.2.0:Control.Monad.Trans.Error):
    Deprecated: "Use Control.Monad.Trans.Except instead"

Database/MongoDB/Query.hs:137:10: warning: [-Wdeprecations]
    In the use of type constructor or class ‘Error’
    (imported from Control.Monad.Error, but defined in transformers-0.5.2.0:Control.Monad.Trans.Error):
    Deprecated: "Use Control.Monad.Trans.Except instead"
[5 of 8] Compiling Database.MongoDB.Connection ( Database/MongoDB/Connection.hs, .stack-work/dist/x86_64-linux/Cabal-1.24.0.0/build/Database/MongoDB/Connection.o )

Database/MongoDB/Connection.hs:42:1: warning: [-Wdeprecations]
    Module ‘Control.Monad.Error’ is deprecated:
      Use Control.Monad.Except instead
[6 of 8] Compiling Database.MongoDB.Admin ( Database/MongoDB/Admin.hs, .stack-work/dist/x86_64-linux/Cabal-1.24.0.0/build/Database/MongoDB/Admin.o )

Database/MongoDB/Admin.hs:141:1: warning: [-Wredundant-constraints]
    • Redundant constraint: Functor m
    • In the type signature for:
           getIndexes :: (MonadIO m, MonadBaseControl IO m, Functor m) =>
                         Collection -> Action m [Document]

Database/MongoDB/Admin.hs:194:1: warning: [-Wredundant-constraints]
    • Redundant constraint: Functor m
    • In the type signature for:
           allUsers :: (MonadIO m, MonadBaseControl IO m, Functor m) =>
                       Action m [Document]
[7 of 8] Compiling Database.MongoDB ( Database/MongoDB.hs, .stack-work/dist/x86_64-linux/Cabal-1.24.0.0/build/Database/MongoDB.o )
[8 of 8] Compiling Database.MongoDB.Transport.Tls ( Database/MongoDB/Transport/Tls.hs, .stack-work/dist/x86_64-linux/Cabal-1.24.0.0/build/Database/MongoDB/Transport/Tls.o )
Installing library in
/root/.stack/snapshots/x86_64-linux/lts-7.10/8.0.1/lib/x86_64-linux-ghc-8.0.1/mongoDB-2.1.1.1-HGeHL7diW4ABP90GyOfvAQ
Registering mongoDB-2.1.1.1...
